nohup: ignoring input
goroutine 2541 [running]:
runtime/debug.Stack(0x0, 0xc42191cb00, 0x1)
	/home/admin2/go/src/runtime/debug/stack.go:24 +0x79
runtime/debug.PrintStack()
	/home/admin2/go/src/runtime/debug/stack.go:16 +0x22
fugetech.com/anti-fraud/util.CatchError()
	/home/admin2/Workspace/project/src/fugetech.com/anti-fraud/util/utils.go:107 +0x44
panic(0x7351a0, 0xac3e20)
	/home/admin2/go/src/runtime/panic.go:489 +0x2cf
fugetech.com/anti-fraud/service.(*Service).CheckIpWithAccount(0xc420542000, 0x429, 0x1f3, 0x2, 0x2, 0xc4218efcba, 0xf, 0xc42057c740, 0x2, 0x2, ...)
	/home/admin2/Workspace/project/src/fugetech.com/anti-fraud/service/account.go:598 +0x1b01
fugetech.com/anti-fraud/service.(*Service).DealUrl(0xc420542000, 0xc421ad3da0)
	/home/admin2/Workspace/project/src/fugetech.com/anti-fraud/service/httpserver.go:401 +0x5ab
created by fugetech.com/anti-fraud/service.(*HttpServer).HandleCheckUrl
	/home/admin2/Workspace/project/src/fugetech.com/anti-fraud/service/httpserver.go:169 +0x164
goroutine 4474 [running]:
runtime/debug.Stack(0x0, 0xc421104320, 0x1)
	/home/admin2/go/src/runtime/debug/stack.go:24 +0x79
runtime/debug.PrintStack()
	/home/admin2/go/src/runtime/debug/stack.go:16 +0x22
fugetech.com/anti-fraud/util.CatchError()
	/home/admin2/Workspace/project/src/fugetech.com/anti-fraud/util/utils.go:107 +0x44
panic(0x7351a0, 0xac3e20)
	/home/admin2/go/src/runtime/panic.go:489 +0x2cf
fugetech.com/anti-fraud/service.(*Service).CheckIpWithAccount(0xc420542000, 0x429, 0x1f3, 0x2, 0x2, 0xc420e265f5, 0xe, 0xc42103ff60, 0x2, 0x2, ...)
	/home/admin2/Workspace/project/src/fugetech.com/anti-fraud/service/account.go:598 +0x1b01
fugetech.com/anti-fraud/service.(*Service).DealUrl(0xc420542000, 0xc4203ef350)
	/home/admin2/Workspace/project/src/fugetech.com/anti-fraud/service/httpserver.go:401 +0x5ab
created by fugetech.com/anti-fraud/service.(*HttpServer).HandleCheckUrl
	/home/admin2/Workspace/project/src/fugetech.com/anti-fraud/service/httpserver.go:169 +0x164
goroutine 4949 [running]:
runtime/debug.Stack(0x0, 0xc42052f110, 0x1)
	/home/admin2/go/src/runtime/debug/stack.go:24 +0x79
runtime/debug.PrintStack()
	/home/admin2/go/src/runtime/debug/stack.go:16 +0x22
fugetech.com/anti-fraud/util.CatchError()
	/home/admin2/Workspace/project/src/fugetech.com/anti-fraud/util/utils.go:107 +0x44
panic(0x7351a0, 0xac3e20)
	/home/admin2/go/src/runtime/panic.go:489 +0x2cf
fugetech.com/anti-fraud/service.(*Service).CheckIpWithAccount(0xc420542000, 0x429, 0x1f3, 0x2, 0x2, 0xc421581bb8, 0xe, 0xc420de00b0, 0x1, 0x1, ...)
	/home/admin2/Workspace/project/src/fugetech.com/anti-fraud/service/account.go:598 +0x1b01
fugetech.com/anti-fraud/service.(*Service).DealUrl(0xc420542000, 0xc4202ec8a0)
	/home/admin2/Workspace/project/src/fugetech.com/anti-fraud/service/httpserver.go:401 +0x5ab
created by fugetech.com/anti-fraud/service.(*HttpServer).HandleCheckUrl
	/home/admin2/Workspace/project/src/fugetech.com/anti-fraud/service/httpserver.go:169 +0x164
goroutine 4996 [running]:
runtime/debug.Stack(0x0, 0xc420e36700, 0x1)
	/home/admin2/go/src/runtime/debug/stack.go:24 +0x79
runtime/debug.PrintStack()
	/home/admin2/go/src/runtime/debug/stack.go:16 +0x22
fugetech.com/anti-fraud/util.CatchError()
	/home/admin2/Workspace/project/src/fugetech.com/anti-fraud/util/utils.go:107 +0x44
panic(0x7351a0, 0xac3e20)
	/home/admin2/go/src/runtime/panic.go:489 +0x2cf
fugetech.com/anti-fraud/service.(*Service).CheckIpWithAccount(0xc420542000, 0x429, 0x73, 0x2, 0x2, 0xc420aba6cf, 0xc, 0xc42000e1d8, 0x1, 0x1, ...)
	/home/admin2/Workspace/project/src/fugetech.com/anti-fraud/service/account.go:598 +0x1b01
fugetech.com/anti-fraud/service.(*Service).DealUrl(0xc420542000, 0xc42036e630)
	/home/admin2/Workspace/project/src/fugetech.com/anti-fraud/service/httpserver.go:401 +0x5ab
created by fugetech.com/anti-fraud/service.(*HttpServer).HandleCheckUrl
	/home/admin2/Workspace/project/src/fugetech.com/anti-fraud/service/httpserver.go:169 +0x164
goroutine 5982 [running]:
runtime/debug.Stack(0x0, 0xc421a7b340, 0x1)
	/home/admin2/go/src/runtime/debug/stack.go:24 +0x79
runtime/debug.PrintStack()
	/home/admin2/go/src/runtime/debug/stack.go:16 +0x22
fugetech.com/anti-fraud/util.CatchError()
	/home/admin2/Workspace/project/src/fugetech.com/anti-fraud/util/utils.go:107 +0x44
panic(0x7351a0, 0xac3e20)
	/home/admin2/go/src/runtime/panic.go:489 +0x2cf
fugetech.com/anti-fraud/service.(*Service).CheckIpWithAccount(0xc420542000, 0x429, 0xc3, 0x2, 0x2, 0xc42059a774, 0xd, 0xc42059c430, 0x2, 0x2, ...)
	/home/admin2/Workspace/project/src/fugetech.com/anti-fraud/service/account.go:598 +0x1b01
fugetech.com/anti-fraud/service.(*Service).DealUrl(0xc420542000, 0xc4203d2420)
	/home/admin2/Workspace/project/src/fugetech.com/anti-fraud/service/httpserver.go:401 +0x5ab
created by fugetech.com/anti-fraud/service.(*HttpServer).HandleCheckUrl
	/home/admin2/Workspace/project/src/fugetech.com/anti-fraud/service/httpserver.go:169 +0x164
goroutine 7750 [running]:
runtime/debug.Stack(0x0, 0xc42103ffc0, 0x1)
	/home/admin2/go/src/runtime/debug/stack.go:24 +0x79
runtime/debug.PrintStack()
	/home/admin2/go/src/runtime/debug/stack.go:16 +0x22
fugetech.com/anti-fraud/util.CatchError()
	/home/admin2/Workspace/project/src/fugetech.com/anti-fraud/util/utils.go:107 +0x44
panic(0x7351a0, 0xac3e20)
	/home/admin2/go/src/runtime/panic.go:489 +0x2cf
fugetech.com/anti-fraud/service.(*Service).CheckIpWithAccount(0xc420542000, 0x429, 0x12d, 0x2, 0x2, 0xc421cbcf4e, 0xe, 0xc42000e178, 0x1, 0x1, ...)
	/home/admin2/Workspace/project/src/fugetech.com/anti-fraud/service/account.go:598 +0x1b01
fugetech.com/anti-fraud/service.(*Service).DealUrl(0xc420542000, 0xc420350b70)
	/home/admin2/Workspace/project/src/fugetech.com/anti-fraud/service/httpserver.go:401 +0x5ab
created by fugetech.com/anti-fraud/service.(*HttpServer).HandleCheckUrl
	/home/admin2/Workspace/project/src/fugetech.com/anti-fraud/service/httpserver.go:169 +0x164
goroutine 8266 [running]:
runtime/debug.Stack(0x0, 0xc421e30e20, 0x1)
	/home/admin2/go/src/runtime/debug/stack.go:24 +0x79
runtime/debug.PrintStack()
	/home/admin2/go/src/runtime/debug/stack.go:16 +0x22
fugetech.com/anti-fraud/util.CatchError()
	/home/admin2/Workspace/project/src/fugetech.com/anti-fraud/util/utils.go:107 +0x44
panic(0x7351a0, 0xac3e20)
	/home/admin2/go/src/runtime/panic.go:489 +0x2cf
fugetech.com/anti-fraud/service.(*Service).CheckIpWithAccount(0xc420542000, 0x429, 0xdf, 0x2, 0x2, 0xc421021bd3, 0xe, 0xc420de0308, 0x1, 0x1, ...)
	/home/admin2/Workspace/project/src/fugetech.com/anti-fraud/service/account.go:598 +0x1b01
fugetech.com/anti-fraud/service.(*Service).DealUrl(0xc420542000, 0xc420422d20)
	/home/admin2/Workspace/project/src/fugetech.com/anti-fraud/service/httpserver.go:401 +0x5ab
created by fugetech.com/anti-fraud/service.(*HttpServer).HandleCheckUrl
	/home/admin2/Workspace/project/src/fugetech.com/anti-fraud/service/httpserver.go:169 +0x164
goroutine 8281 [running]:
runtime/debug.Stack(0x0, 0xc420c34a00, 0x1)
	/home/admin2/go/src/runtime/debug/stack.go:24 +0x79
runtime/debug.PrintStack()
	/home/admin2/go/src/runtime/debug/stack.go:16 +0x22
fugetech.com/anti-fraud/util.CatchError()
	/home/admin2/Workspace/project/src/fugetech.com/anti-fraud/util/utils.go:107 +0x44
panic(0x7351a0, 0xac3e20)
	/home/admin2/go/src/runtime/panic.go:489 +0x2cf
fugetech.com/anti-fraud/service.(*Service).CheckIpWithAccount(0xc420542000, 0x429, 0xdf, 0x2, 0x2, 0xc421e3c6ee, 0xe, 0xc42000e3c0, 0x1, 0x1, ...)
	/home/admin2/Workspace/project/src/fugetech.com/anti-fraud/service/account.go:598 +0x1b01
fugetech.com/anti-fraud/service.(*Service).DealUrl(0xc420542000, 0xc420410ba0)
	/home/admin2/Workspace/project/src/fugetech.com/anti-fraud/service/httpserver.go:401 +0x5ab
created by fugetech.com/anti-fraud/service.(*HttpServer).HandleCheckUrl
	/home/admin2/Workspace/project/src/fugetech.com/anti-fraud/service/httpserver.go:169 +0x164
goroutine 10263 [running]:
runtime/debug.Stack(0x0, 0xc420e4ec40, 0x1)
	/home/admin2/go/src/runtime/debug/stack.go:24 +0x79
runtime/debug.PrintStack()
	/home/admin2/go/src/runtime/debug/stack.go:16 +0x22
fugetech.com/anti-fraud/util.CatchError()
	/home/admin2/Workspace/project/src/fugetech.com/anti-fraud/util/utils.go:107 +0x44
panic(0x7351a0, 0xac3e20)
	/home/admin2/go/src/runtime/panic.go:489 +0x2cf
fugetech.com/anti-fraud/service.(*Service).CheckIpWithAccount(0xc420542000, 0x429, 0x1f3, 0x2, 0x2, 0xc422a35be9, 0xd, 0xc420de0328, 0x1, 0x1, ...)
	/home/admin2/Workspace/project/src/fugetech.com/anti-fraud/service/account.go:598 +0x1b01
fugetech.com/anti-fraud/service.(*Service).DealUrl(0xc420542000, 0xc42027fb90)
	/home/admin2/Workspace/project/src/fugetech.com/anti-fraud/service/httpserver.go:401 +0x5ab
created by fugetech.com/anti-fraud/service.(*HttpServer).HandleCheckUrl
	/home/admin2/Workspace/project/src/fugetech.com/anti-fraud/service/httpserver.go:169 +0x164
goroutine 10949 [running]:
runtime/debug.Stack(0x0, 0xc421f0f1f0, 0x1)
	/home/admin2/go/src/runtime/debug/stack.go:24 +0x79
runtime/debug.PrintStack()
	/home/admin2/go/src/runtime/debug/stack.go:16 +0x22
fugetech.com/anti-fraud/util.CatchError()
	/home/admin2/Workspace/project/src/fugetech.com/anti-fraud/util/utils.go:107 +0x44
panic(0x7351a0, 0xac3e20)
	/home/admin2/go/src/runtime/panic.go:489 +0x2cf
fugetech.com/anti-fraud/service.(*Service).CheckIpWithAccount(0xc420542000, 0x429, 0xa9, 0x2, 0x2, 0xc421f04bc4, 0xc, 0xc420d2c400, 0x1, 0x1, ...)
	/home/admin2/Workspace/project/src/fugetech.com/anti-fraud/service/account.go:598 +0x1b01
fugetech.com/anti-fraud/service.(*Service).DealUrl(0xc420542000, 0xc4204648a0)
	/home/admin2/Workspace/project/src/fugetech.com/anti-fraud/service/httpserver.go:401 +0x5ab
created by fugetech.com/anti-fraud/service.(*HttpServer).HandleCheckUrl
	/home/admin2/Workspace/project/src/fugetech.com/anti-fraud/service/httpserver.go:169 +0x164
goroutine 11127 [running]:
runtime/debug.Stack(0x0, 0xc421a8f440, 0x1)
	/home/admin2/go/src/runtime/debug/stack.go:24 +0x79
runtime/debug.PrintStack()
	/home/admin2/go/src/runtime/debug/stack.go:16 +0x22
fugetech.com/anti-fraud/util.CatchError()
	/home/admin2/Workspace/project/src/fugetech.com/anti-fraud/util/utils.go:107 +0x44
panic(0x7351a0, 0xac3e20)
	/home/admin2/go/src/runtime/panic.go:489 +0x2cf
fugetech.com/anti-fraud/service.(*Service).CheckIpWithAccount(0xc420542000, 0x429, 0x1f3, 0x2, 0x2, 0xc4200f0629, 0xd, 0xc420d2c008, 0x1, 0x1, ...)
	/home/admin2/Workspace/project/src/fugetech.com/anti-fraud/service/account.go:598 +0x1b01
fugetech.com/anti-fraud/service.(*Service).DealUrl(0xc420542000, 0xc420302150)
	/home/admin2/Workspace/project/src/fugetech.com/anti-fraud/service/httpserver.go:401 +0x5ab
created by fugetech.com/anti-fraud/service.(*HttpServer).HandleCheckUrl
	/home/admin2/Workspace/project/src/fugetech.com/anti-fraud/service/httpserver.go:169 +0x164
goroutine 14726 [running]:
runtime/debug.Stack(0x0, 0xc420f71310, 0x1)
	/home/admin2/go/src/runtime/debug/stack.go:24 +0x79
runtime/debug.PrintStack()
	/home/admin2/go/src/runtime/debug/stack.go:16 +0x22
fugetech.com/anti-fraud/util.CatchError()
	/home/admin2/Workspace/project/src/fugetech.com/anti-fraud/util/utils.go:107 +0x44
panic(0x7351a0, 0xac3e20)
	/home/admin2/go/src/runtime/panic.go:489 +0x2cf
fugetech.com/anti-fraud/service.(*Service).CheckIpWithAccount(0xc420542000, 0x429, 0xf1, 0x2, 0x2, 0xc421556bb9, 0xd, 0xc42155a220, 0x2, 0x2, ...)
	/home/admin2/Workspace/project/src/fugetech.com/anti-fraud/service/account.go:598 +0x1b01
fugetech.com/anti-fraud/service.(*Service).DealUrl(0xc420542000, 0xc4203c78c0)
	/home/admin2/Workspace/project/src/fugetech.com/anti-fraud/service/httpserver.go:401 +0x5ab
created by fugetech.com/anti-fraud/service.(*HttpServer).HandleCheckUrl
	/home/admin2/Workspace/project/src/fugetech.com/anti-fraud/service/httpserver.go:169 +0x164
goroutine 23163 [running]:
runtime/debug.Stack(0x0, 0xc4216c9130, 0x1)
	/home/admin2/go/src/runtime/debug/stack.go:24 +0x79
runtime/debug.PrintStack()
	/home/admin2/go/src/runtime/debug/stack.go:16 +0x22
fugetech.com/anti-fraud/util.CatchError()
	/home/admin2/Workspace/project/src/fugetech.com/anti-fraud/util/utils.go:107 +0x44
panic(0x7351a0, 0xac3e20)
	/home/admin2/go/src/runtime/panic.go:489 +0x2cf
fugetech.com/anti-fraud/service.(*Service).CheckIpWithAccount(0xc420542000, 0x429, 0x1f3, 0x2, 0x2, 0xc420c6815c, 0xf, 0xc42000e010, 0x1, 0x1, ...)
	/home/admin2/Workspace/project/src/fugetech.com/anti-fraud/service/account.go:598 +0x1b01
fugetech.com/anti-fraud/service.(*Service).DealUrl(0xc420542000, 0xc4203c78f0)
	/home/admin2/Workspace/project/src/fugetech.com/anti-fraud/service/httpserver.go:401 +0x5ab
created by fugetech.com/anti-fraud/service.(*HttpServer).HandleCheckUrl
	/home/admin2/Workspace/project/src/fugetech.com/anti-fraud/service/httpserver.go:169 +0x164
